  Player.cpp
  Camera.cpp
  Game.cpp
C:\Users\roder\source\year 2 repos\GDW_Y2-PJT-repos\GDW_Y2 - CNZ\src\Player.cpp(110,14): warning C4244: '=': conversion from 'double' to 'T', possible loss of data
C:\Users\roder\source\year 2 repos\GDW_Y2-PJT-repos\GDW_Y2 - CNZ\src\Player.cpp(110,14): warning C4244:         with
C:\Users\roder\source\year 2 repos\GDW_Y2-PJT-repos\GDW_Y2 - CNZ\src\Player.cpp(110,14): warning C4244:         [
C:\Users\roder\source\year 2 repos\GDW_Y2-PJT-repos\GDW_Y2 - CNZ\src\Player.cpp(110,14): warning C4244:             T=float
C:\Users\roder\source\year 2 repos\GDW_Y2-PJT-repos\GDW_Y2 - CNZ\src\Player.cpp(110,14): warning C4244:         ]
C:\Program Files (x86)\Windows Kits\10\Include\10.0.18362.0\shared\minwindef.h(130,1): warning C4005: 'APIENTRY': macro redefinition
C:\Users\roder\source\year 2 repos\GDW_Y2-PJT-repos\GDW_Y2 - CNZ\external\glad\glad.h(32): message : see previous definition of 'APIENTRY'
C:\Users\roder\source\year 2 repos\GDW_Y2-PJT-repos\GDW_Y2 - CNZ\src\cherry\Game.cpp(140,16): warning C4244: '=': conversion from 'float' to 'unsigned int', possible loss of data
C:\Users\roder\source\year 2 repos\GDW_Y2-PJT-repos\GDW_Y2 - CNZ\src\cherry\Game.cpp(141,17): warning C4244: '=': conversion from 'float' to 'unsigned int', possible loss of data
C:\Users\roder\source\year 2 repos\GDW_Y2-PJT-repos\GDW_Y2 - CNZ\src\cherry\Game.cpp(151,53): warning C4244: 'return': conversion from 'const unsigned int' to 'float', possible loss of data
C:\Users\roder\source\year 2 repos\GDW_Y2-PJT-repos\GDW_Y2 - CNZ\src\cherry\Game.cpp(154,54): warning C4244: 'return': conversion from 'const unsigned int' to 'float', possible loss of data
C:\Users\roder\source\year 2 repos\GDW_Y2-PJT-repos\GDW_Y2 - CNZ\src\cherry\Game.cpp(180,64): warning C4244: 'argument': conversion from 'double' to 'float', possible loss of data
C:\Users\roder\source\year 2 repos\GDW_Y2-PJT-repos\GDW_Y2 - CNZ\src\cherry\Game.cpp(180,31): warning C4244: 'argument': conversion from 'double' to 'float', possible loss of data
C:\Users\roder\source\year 2 repos\GDW_Y2-PJT-repos\GDW_Y2 - CNZ\src\cherry\Game.cpp(617,33): warning C4244: 'argument': conversion from 'int' to 'float', possible loss of data
C:\Users\roder\source\year 2 repos\GDW_Y2-PJT-repos\GDW_Y2 - CNZ\src\cherry\Game.cpp(617,26): warning C4244: 'argument': conversion from 'int' to 'float', possible loss of data
C:\Users\roder\source\year 2 repos\GDW_Y2-PJT-repos\GDW_Y2 - CNZ\src\cherry\Game.cpp(636,25): warning C4244: 'initializing': conversion from 'double' to 'float', possible loss of data
  Material.cpp
  Mesh.cpp
C:\Users\roder\source\year 2 repos\GDW_Y2-PJT-repos\GDW_Y2 - CNZ\src\cherry\Game.cpp(644,19): warning C4244: 'initializing': conversion from 'double' to 'float', possible loss of data
C:\Users\roder\source\year 2 repos\GDW_Y2-PJT-repos\GDW_Y2 - CNZ\src\cherry\Mesh.cpp(118,70): warning C4267: 'argument': conversion from 'size_t' to 'GLsizei', possible loss of data
  MeshRenderer.cpp
  Object.cpp
C:\Users\roder\source\year 2 repos\GDW_Y2-PJT-repos\GDW_Y2 - CNZ\src\cherry\Mesh.cpp(124,46): warning C4267: 'argument': conversion from 'size_t' to 'GLsizei', possible loss of data
C:\Users\roder\source\year 2 repos\GDW_Y2-PJT-repos\GDW_Y2 - CNZ\src\cherry\objects\Object.cpp(38,54): warning C4244: 'initializing': conversion from 'double' to 'unsigned int', possible loss of data
C:\Users\roder\source\year 2 repos\GDW_Y2-PJT-repos\GDW_Y2 - CNZ\src\cherry\objects\Object.cpp(38,49): warning C4244: 'initializing': conversion from 'double' to 'const unsigned int', possible loss of data
C:\Users\roder\source\year 2 repos\GDW_Y2-PJT-repos\GDW_Y2 - CNZ\src\cherry\objects\Object.cpp(41,53): warning C4244: 'initializing': conversion from 'double' to 'unsigned int', possible loss of data
C:\Users\roder\source\year 2 repos\GDW_Y2-PJT-repos\GDW_Y2 - CNZ\src\cherry\objects\Object.cpp(41,48): warning C4244: 'initializing': conversion from 'double' to 'const unsigned int', possible loss of data
C:\Users\roder\source\year 2 repos\GDW_Y2-PJT-repos\GDW_Y2 - CNZ\src\cherry\objects\Object.cpp(115,20): warning C4018: '<': signed/unsigned mismatch
C:\Users\roder\source\year 2 repos\GDW_Y2-PJT-repos\GDW_Y2 - CNZ\src\cherry\objects\Object.cpp(261,32): warning C4267: '=': conversion from 'size_t' to 'unsigned int', possible loss of data
C:\Users\roder\source\year 2 repos\GDW_Y2-PJT-repos\GDW_Y2 - CNZ\src\cherry\objects\Object.cpp(271,31): warning C4267: '=': conversion from 'size_t' to 'unsigned int', possible loss of data
  Primitive.cpp
C:\Users\roder\source\year 2 repos\GDW_Y2-PJT-repos\GDW_Y2 - CNZ\src\cherry\objects\Object.cpp(448,80): warning C4267: 'return': conversion from 'size_t' to 'unsigned int', possible loss of data
C:\Users\roder\source\year 2 repos\GDW_Y2-PJT-repos\GDW_Y2 - CNZ\src\cherry\objects\Primitive.cpp(22,20): warning C4018: '<': signed/unsigned mismatch
  PrimitiveCapsule.cpp
C:\Users\roder\source\year 2 repos\GDW_Y2-PJT-repos\GDW_Y2 - CNZ\src\cherry\objects\Primitive.cpp(50,20): warning C4018: '<': signed/unsigned mismatch
C:\Users\roder\source\year 2 repos\GDW_Y2-PJT-repos\GDW_Y2 - CNZ\src\cherry\objects\PrimitiveCapsule.cpp(175,24): warning C4018: '<': signed/unsigned mismatch
  PrimitiveCircle.cpp
C:\Users\roder\source\year 2 repos\GDW_Y2-PJT-repos\GDW_Y2 - CNZ\src\cherry\objects\PrimitiveCapsule.cpp(177,25): warning C4018: '<': signed/unsigned mismatch
  PrimitiveCone.cpp
C:\Users\roder\source\year 2 repos\GDW_Y2-PJT-repos\GDW_Y2 - CNZ\src\cherry\objects\PrimitiveCircle.cpp(29,20): warning C4018: '<': signed/unsigned mismatch
C:\Users\roder\source\year 2 repos\GDW_Y2-PJT-repos\GDW_Y2 - CNZ\src\cherry\objects\PrimitiveCone.cpp(34,20): warning C4018: '<': signed/unsigned mismatch
  PrimitiveCube.cpp
  PrimitiveCylinder.cpp
C:\Users\roder\source\year 2 repos\GDW_Y2-PJT-repos\GDW_Y2 - CNZ\src\cherry\objects\PrimitiveCone.cpp(59,21): warning C4018: '<': signed/unsigned mismatch
C:\Users\roder\source\year 2 repos\GDW_Y2-PJT-repos\GDW_Y2 - CNZ\src\cherry\objects\PrimitiveCylinder.cpp(42,21): warning C4018: '<': signed/unsigned mismatch
  PrimitiveDiamond.cpp
C:\Users\roder\source\year 2 repos\GDW_Y2-PJT-repos\GDW_Y2 - CNZ\src\cherry\objects\PrimitiveCylinder.cpp(86,21): warning C4018: '<': signed/unsigned mismatch
C:\Users\roder\source\year 2 repos\GDW_Y2-PJT-repos\GDW_Y2 - CNZ\src\cherry\objects\PrimitiveDiamond.cpp(44,20): warning C4018: '<': signed/unsigned mismatch
  PrimitivePlane.cpp
  PrimitiveSphere.cpp
C:\Users\roder\source\year 2 repos\GDW_Y2-PJT-repos\GDW_Y2 - CNZ\src\cherry\objects\PrimitiveDiamond.cpp(69,21): warning C4018: '<': signed/unsigned mismatch
C:\Users\roder\source\year 2 repos\GDW_Y2-PJT-repos\GDW_Y2 - CNZ\src\cherry\objects\PrimitiveSphere.cpp(166,24): warning C4018: '<': signed/unsigned mismatch
  PhysicsBody.cpp
  Scene.cpp
  SceneManager.cpp
  Shader.cpp
C:\Users\roder\source\year 2 repos\GDW_Y2-PJT-repos\GDW_Y2 - CNZ\src\cherry\objects\PrimitiveSphere.cpp(168,25): warning C4018: '<': signed/unsigned mismatch
C:\Program Files (x86)\Windows Kits\10\Include\10.0.18362.0\shared\minwindef.h(130,1): warning C4005: 'APIENTRY': macro redefinition
  Generating Code...
  Compiling...
  stb_image.cpp
  Array.cpp
  Color.cpp
  Collision.cpp
  LargeInt.cpp
C:\Users\roder\source\year 2 repos\GDW_Y2-PJT-repos\GDW_Y2 - CNZ\external\glad\glad.h(32): message : see previous definition of 'APIENTRY'
C:\Users\roder\source\year 2 repos\GDW_Y2-PJT-repos\GDW_Y2 - CNZ\src\cherry\utils\math\LargeInt.cpp(40,56): warning C4267: '=': conversion from 'size_t' to 'unsigned long', possible loss of data
C:\Users\roder\source\year 2 repos\GDW_Y2-PJT-repos\GDW_Y2 - CNZ\src\cherry\utils\math\LargeInt.cpp(40,82): warning C4267: '=': conversion from 'size_t' to 'unsigned long', possible loss of data
C:\Users\roder\source\year 2 repos\GDW_Y2-PJT-repos\GDW_Y2 - CNZ\src\cherry\utils\math\LargeInt.cpp(44,32): warning C4267: 'initializing': conversion from 'size_t' to 'int', possible loss of data
C:\Users\roder\source\year 2 repos\GDW_Y2-PJT-repos\GDW_Y2 - CNZ\src\cherry\utils\math\LargeInt.cpp(103,32): warning C4267: 'initializing': conversion from 'size_t' to 'int', possible loss of data
  Matrix.cpp
C:\Users\roder\source\year 2 repos\GDW_Y2-PJT-repos\GDW_Y2 - CNZ\src\cherry\utils\math\LargeInt.cpp(119,30): warning C4267: '=': conversion from 'size_t' to 'int', possible loss of data
C:\Users\roder\source\year 2 repos\GDW_Y2-PJT-repos\GDW_Y2 - CNZ\src\cherry\utils\math\Matrix.cpp(26,20): warning C4018: '<': signed/unsigned mismatch
  Quaternion.cpp
  Rotation.cpp
  Vector.cpp
C:\Users\roder\source\year 2 repos\GDW_Y2-PJT-repos\GDW_Y2 - CNZ\src\cherry\utils\math\Matrix.cpp(28,21): warning C4018: '<': signed/unsigned mismatch
C:\Users\roder\source\year 2 repos\GDW_Y2-PJT-repos\GDW_Y2 - CNZ\src\cherry\utils\math\Vector.cpp(25,1): warning C4305: '*=': truncation from 'double' to 'float'
  Utils.cpp
C:\Users\roder\source\year 2 repos\GDW_Y2-PJT-repos\GDW_Y2 - CNZ\src\cherry\utils\math\Vector.cpp(127): message : see reference to function template instantiation 'float util::math::Vec::calculateDotAngle<util::math::Vec2>(const T &,const T &,const bool)' being compiled
C:\Users\roder\source\year 2 repos\GDW_Y2-PJT-repos\GDW_Y2 - CNZ\src\cherry\utils\math\Vector.cpp(127): message :         with
C:\Users\roder\source\year 2 repos\GDW_Y2-PJT-repos\GDW_Y2 - CNZ\src\cherry\utils\math\Vector.cpp(127): message :         [
C:\Users\roder\source\year 2 repos\GDW_Y2-PJT-repos\GDW_Y2 - CNZ\src\cherry\utils\math\Vector.cpp(127): message :             T=util::math::Vec2
C:\Users\roder\source\year 2 repos\GDW_Y2-PJT-repos\GDW_Y2 - CNZ\src\cherry\utils\math\Vector.cpp(127): message :         ]
C:\Users\roder\source\year 2 repos\GDW_Y2-PJT-repos\GDW_Y2 - CNZ\src\cherry\utils\Utils.cpp(81,84): warning C4267: '=': conversion from 'size_t' to 'unsigned int', possible loss of data
C:\Users\roder\source\year 2 repos\GDW_Y2-PJT-repos\GDW_Y2 - CNZ\src\cherry\utils\Utils.cpp(81,113): warning C4267: '=': conversion from 'size_t' to 'unsigned int', possible loss of data
C:\Users\roder\source\year 2 repos\GDW_Y2-PJT-repos\GDW_Y2 - CNZ\src\cherry\utils\Utils.cpp(166,111): warning C4267: 'argument': conversion from 'size_t' to 'unsigned int', possible loss of data
C:\Users\roder\source\year 2 repos\GDW_Y2-PJT-repos\GDW_Y2 - CNZ\src\cherry\utils\Utils.cpp(173,107): warning C4267: 'argument': conversion from 'size_t' to 'unsigned int', possible loss of data
  VectorCRY.cpp
  main.cpp
C:\Users\roder\source\year 2 repos\GDW_Y2-PJT-repos\GDW_Y2 - CNZ\src\cherry\utils\Utils.cpp(195,20): warning C4018: '<': signed/unsigned mismatch
C:\Program Files (x86)\Windows Kits\10\Include\10.0.18362.0\shared\minwindef.h(130,1): warning C4005: 'APIENTRY': macro redefinition
C:\Users\roder\source\year 2 repos\GDW_Y2-PJT-repos\GDW_Y2 - CNZ\external\glad\glad.h(32): message : see previous definition of 'APIENTRY'
  Generating Code...
C:\Users\roder\source\year 2 repos\GDW_Y2-PJT-repos\GDW_Y2 - CNZ\src\main.cpp(35,21): warning C4244: 'argument': conversion from '__int64' to 'long', possible loss of data
C:\Users\roder\source\year 2 repos\GDW_Y2-PJT-repos\GDW_Y2 - CNZ\src\cherry\VectorCRY.cpp(63): warning C4717: 'cherry::operator-': recursive on all control paths, function will cause runtime stack overflow
  glad.c
LINK : warning LNK4098: defaultlib 'MSVCRT' conflicts with use of other libs; use /NODEFAULTLIB:library
  GDW_Y2 - CNZ.vcxproj -> C:\Users\roder\source\year 2 repos\GDW_Y2-PJT-repos\GDW_Y2 - CNZ\bin\x64\Debug\GDW_Y2 - CNZ.exe
